{
  "RSpec": {
    "coverage": {
      "/Users/armandoalejandre/Documents/personal_projects/comment_me/spec/dummy/spec/comment_me/controllers/comments_controller/create_spec.rb": [
        1,
        null,
        1,
        1,
        1,
        2,
        null,
        null,
        1,
        1,
        null,
        2,
        null,
        null,
        null,
        null,
        null,
        null,
        null,
        null,
        null,
        null,
        null,
        null,
        null,
        2,
        null,
        2,
        null,
        null,
        1,
        1,
        null,
        2,
        null,
        null,
        null,
        null,
        null,
        null,
        null,
        null,
        null,
        null,
        null,
        null,
        null,
        2,
        null,
        2,
        null,
        null,
        null
      ],
      "/Users/armandoalejandre/Documents/personal_projects/comment_me/spec/dummy/config/environment.rb": [
        null,
        1,
        null,
        null,
        1
      ],
      "/Users/armandoalejandre/Documents/personal_projects/comment_me/spec/dummy/config/application.rb": [
        1,
        null,
        1,
        null,
        1,
        1,
        1,
        1,
        1,
        1,
        1,
        1,
        1,
        null,
        null,
        1,
        1,
        null,
        1,
        1,
        null,
        1,
        null,
        null,
        null,
        null,
        null,
        null,
        null,
        null
      ],
      "/Users/armandoalejandre/Documents/personal_projects/comment_me/spec/dummy/config/boot.rb": [
        null,
        1,
        null,
        1,
        1
      ],
      "/Users/armandoalejandre/Documents/personal_projects/comment_me/spec/dummy/config/environments/test.rb": [
        1,
        null,
        null,
        null,
        null,
        null,
        null,
        1,
        null,
        null,
        null,
        null,
        1,
        null,
        null,
        1,
        1,
        null,
        null,
        null,
        null,
        1,
        1,
        null,
        null,
        1,
        null,
        null,
        1,
        null,
        null,
        1,
        null,
        1,
        null,
        null,
        null,
        null,
        1,
        null,
        null,
        1,
        null,
        null,
        null,
        null
      ],
      "/Users/armandoalejandre/Documents/personal_projects/comment_me/spec/dummy/config/initializers/application_controller_renderer.rb": [
        null,
        null,
        null,
        null,
        null,
        null,
        null,
        null
      ],
      "/Users/armandoalejandre/Documents/personal_projects/comment_me/spec/dummy/config/initializers/assets.rb": [
        null,
        null,
        null,
        1,
        null,
        null,
        null,
        null,
        1,
        null,
        null,
        null,
        null,
        null
      ],
      "/Users/armandoalejandre/Documents/personal_projects/comment_me/spec/dummy/config/initializers/backtrace_silencers.rb": [
        null,
        null,
        null,
        null,
        null,
        null,
        null
      ],
      "/Users/armandoalejandre/Documents/personal_projects/comment_me/spec/dummy/config/initializers/content_security_policy.rb": [
        null,
        null,
        null,
        null,
        null,
        null,
        null,
        null,
        null,
        null,
        null,
        null,
        null,
        null,
        null,
        null,
        null,
        null,
        null,
        null,
        null,
        null,
        null,
        null,
        null
      ],
      "/Users/armandoalejandre/Documents/personal_projects/comment_me/spec/dummy/config/initializers/cookies_serializer.rb": [
        null,
        null,
        null,
        null,
        1
      ],
      "/Users/armandoalejandre/Documents/personal_projects/comment_me/spec/dummy/config/initializers/filter_parameter_logging.rb": [
        null,
        null,
        null,
        1
      ],
      "/Users/armandoalejandre/Documents/personal_projects/comment_me/spec/dummy/config/initializers/inflections.rb": [
        null,
        null,
        null,
        null,
        null,
        null,
        null,
        null,
        null,
        null,
        null,
        null,
        null,
        null,
        null,
        null
      ],
      "/Users/armandoalejandre/Documents/personal_projects/comment_me/spec/dummy/config/initializers/mime_types.rb": [
        null,
        null,
        null,
        null
      ],
      "/Users/armandoalejandre/Documents/personal_projects/comment_me/spec/dummy/config/initializers/wrap_parameters.rb": [
        null,
        null,
        null,
        null,
        null,
        null,
        1,
        1,
        null,
        null,
        null,
        null,
        null,
        null
      ],
      "/Users/armandoalejandre/Documents/personal_projects/comment_me/spec/dummy/config/routes.rb": [
        1,
        null,
        1,
        null
      ],
      "/Users/armandoalejandre/Documents/personal_projects/comment_me/spec/dummy/app/helpers/application_helper.rb": [
        1,
        null
      ],
      "/Users/armandoalejandre/Documents/personal_projects/comment_me/spec/dummy/spec/comment_me/controllers/comments_controller/destroy_spec.rb": [
        1,
        null,
        1,
        1,
        1,
        1,
        null,
        null,
        1,
        1,
        null,
        null,
        1,
        1,
        1,
        null,
        null,
        null,
        null,
        null,
        null,
        2,
        null,
        null,
        1,
        1,
        1,
        null,
        null,
        null,
        null,
        null,
        null,
        2,
        null,
        null,
        null
      ],
      "/Users/armandoalejandre/Documents/personal_projects/comment_me/spec/dummy/spec/comment_me/controllers/comments_controller/show_spec.rb": [
        1,
        null,
        1,
        1,
        1,
        2,
        null,
        null,
        1,
        2,
        null,
        null,
        1,
        1,
        2,
        null,
        null,
        null,
        null,
        null,
        null,
        2,
        null,
        2,
        null,
        null,
        1,
        1,
        1,
        null,
        null,
        null,
        null,
        null,
        null,
        2,
        null,
        null,
        null
      ],
      "/Users/armandoalejandre/Documents/personal_projects/comment_me/spec/dummy/spec/comment_me/controllers/comments_controller/update_spec.rb": [
        1,
        null,
        1,
        1,
        1,
        4,
        null,
        null,
        1,
        4,
        null,
        null,
        1,
        1,
        2,
        null,
        null,
        null,
        null,
        null,
        null,
        null,
        null,
        null,
        null,
        null,
        null,
        2,
        null,
        2,
        null,
        null,
        1,
        1,
        2,
        null,
        null,
        null,
        null,
        null,
        null,
        null,
        null,
        null,
        null,
        null,
        null,
        2,
        null,
        2,
        null,
        null,
        1,
        1,
        1,
        null,
        null,
        null,
        null,
        null,
        null,
        null,
        null,
        null,
        null,
        null,
        null,
        2,
        null,
        null,
        null
      ],
      "/Users/armandoalejandre/Documents/personal_projects/comment_me/spec/dummy/spec/comment_me/models/comment_spec.rb": [
        1,
        null,
        1,
        1,
        10,
        null,
        null,
        1,
        10,
        null,
        null,
        11,
        null,
        2,
        2,
        2,
        2,
        2,
        null,
        1,
        2,
        2,
        2,
        null,
        null,
        1,
        null,
        2,
        2,
        null,
        null
      ],
      "/Users/armandoalejandre/Documents/personal_projects/comment_me/spec/dummy/spec/comment_me_spec.rb": [
        1,
        null,
        1,
        null,
        2,
        null
      ],
      "/Users/armandoalejandre/Documents/personal_projects/comment_me/spec/dummy/spec/dummy/spec/comment_me/controllers/comments_controller/create_spec.rb": [
        1,
        null,
        1,
        1,
        1,
        2,
        null,
        null,
        1,
        1,
        null,
        2,
        null,
        null,
        null,
        null,
        null,
        null,
        null,
        null,
        null,
        null,
        null,
        null,
        null,
        2,
        null,
        2,
        null,
        null,
        1,
        1,
        null,
        2,
        null,
        null,
        null,
        null,
        null,
        null,
        null,
        null,
        null,
        null,
        null,
        null,
        null,
        2,
        null,
        2,
        null,
        null,
        null
      ],
      "/Users/armandoalejandre/Documents/personal_projects/comment_me/spec/dummy/spec/dummy/spec/comment_me/controllers/comments_controller/destroy_spec.rb": [
        1,
        null,
        1,
        1,
        1,
        1,
        null,
        null,
        1,
        1,
        null,
        null,
        1,
        1,
        1,
        null,
        null,
        null,
        null,
        null,
        null,
        2,
        null,
        null,
        1,
        1,
        1,
        null,
        null,
        null,
        null,
        null,
        null,
        2,
        null,
        null,
        null
      ],
      "/Users/armandoalejandre/Documents/personal_projects/comment_me/spec/dummy/spec/dummy/spec/comment_me/controllers/comments_controller/show_spec.rb": [
        1,
        null,
        1,
        1,
        1,
        2,
        null,
        null,
        1,
        2,
        null,
        null,
        1,
        1,
        2,
        null,
        null,
        null,
        null,
        null,
        null,
        2,
        null,
        2,
        null,
        null,
        1,
        1,
        1,
        null,
        null,
        null,
        null,
        null,
        null,
        2,
        null,
        null,
        null
      ],
      "/Users/armandoalejandre/Documents/personal_projects/comment_me/spec/dummy/spec/dummy/spec/comment_me/controllers/comments_controller/update_spec.rb": [
        1,
        null,
        1,
        1,
        1,
        4,
        null,
        null,
        1,
        4,
        null,
        null,
        1,
        1,
        2,
        null,
        null,
        null,
        null,
        null,
        null,
        null,
        null,
        null,
        null,
        null,
        null,
        2,
        null,
        2,
        null,
        null,
        1,
        1,
        2,
        null,
        null,
        null,
        null,
        null,
        null,
        null,
        null,
        null,
        null,
        null,
        null,
        2,
        null,
        2,
        null,
        null,
        1,
        1,
        1,
        null,
        null,
        null,
        null,
        null,
        null,
        null,
        null,
        null,
        null,
        null,
        null,
        2,
        null,
        null,
        null
      ],
      "/Users/armandoalejandre/Documents/personal_projects/comment_me/spec/dummy/spec/dummy/spec/comment_me/models/comment_spec.rb": [
        1,
        null,
        1,
        1,
        10,
        null,
        null,
        1,
        10,
        null,
        null,
        11,
        null,
        2,
        2,
        2,
        2,
        2,
        null,
        1,
        2,
        2,
        2,
        null,
        null,
        1,
        null,
        2,
        2,
        null,
        null
      ],
      "/Users/armandoalejandre/Documents/personal_projects/comment_me/spec/dummy/spec/dummy/spec/comment_me_spec.rb": [
        1,
        null,
        1,
        null,
        2,
        null
      ],
      "/Users/armandoalejandre/Documents/personal_projects/comment_me/spec/dummy/spec/dummy/spec/models/article_spec.rb": [
        1,
        null,
        1,
        1,
        null
      ],
      "/Users/armandoalejandre/Documents/personal_projects/comment_me/spec/dummy/app/models/article.rb": [
        1,
        1,
        null
      ],
      "/Users/armandoalejandre/Documents/personal_projects/comment_me/spec/dummy/app/models/application_record.rb": [
        1,
        1,
        null
      ],
      "/Users/armandoalejandre/Documents/personal_projects/comment_me/spec/dummy/spec/dummy/spec/models/baby_spec.rb": [
        1,
        null,
        1,
        1,
        null
      ],
      "/Users/armandoalejandre/Documents/personal_projects/comment_me/spec/dummy/app/models/baby.rb": [
        1,
        null
      ],
      "/Users/armandoalejandre/Documents/personal_projects/comment_me/spec/dummy/spec/models/article_spec.rb": [
        1,
        null,
        1,
        1,
        null
      ],
      "/Users/armandoalejandre/Documents/personal_projects/comment_me/spec/dummy/spec/models/baby_spec.rb": [
        1,
        null,
        1,
        1,
        null
      ]
    },
    "timestamp": 1570758608
  }
}
